<?xml version="1.0" encoding="UTF-8"?>
<!-- Generated by org.testng.reporters.JUnitReportReporter -->
<testsuite hostname="DESKTOP-SM8GR1B" failures="0" tests="1" name="TestNG.Annotation" time="0.012" errors="0" timestamp="10 Nov 2024 04:45:43 GMT" skipped="0">
  <testcase classname="TestNG.Annotation" name="method5" time="0.012"/>
</testsuite> <!-- TestNG.Annotation -->
