<?xml version="1.0" encoding="UTF-8"?>
<!-- Generated by org.testng.reporters.JUnitReportReporter -->
<testsuite hostname="DESKTOP-SM8GR1B" failures="0" tests="6" name="TestNG.Innovacation" time="0.040" errors="0" timestamp="10 Nov 2024 04:55:10 GMT" skipped="0">
  <testcase classname="TestNG.Innovacation" name="test3" time="0.020"/>
  <testcase classname="TestNG.Innovacation" name="java" time="0.006"/>
  <testcase classname="TestNG.Innovacation" name="java" time="0.003"/>
  <testcase classname="TestNG.Innovacation" name="maven" time="0.001"/>
  <testcase classname="TestNG.Innovacation" name="maven" time="0.003"/>
  <testcase classname="TestNG.Innovacation" name="maven" time="0.007"/>
</testsuite> <!-- TestNG.Innovacation -->
