<?xml version="1.0" encoding="UTF-8"?>
<!-- Generated by org.testng.reporters.JUnitReportReporter -->
<testsuite hostname="DESKTOP-SM8GR1B" failures="0" tests="1" name="TestNG.HMS" time="9.345" errors="0" timestamp="10 Nov 2024 04:53:00 GMT" skipped="0">
  <testcase classname="TestNG.HMS" name="loginhms" time="9.345"/>
</testsuite> <!-- TestNG.HMS -->
