<?xml version="1.0" encoding="UTF-8"?>
<!-- Generated by org.testng.reporters.JUnitReportReporter -->
<testsuite hostname="DESKTOP-SM8GR1B" failures="0" tests="5" name="TestNG.Priority" time="0.070" errors="0" timestamp="10 Nov 2024 04:54:06 GMT" skipped="0">
  <testcase classname="TestNG.Priority" name="automation" time="0.054"/>
  <testcase classname="TestNG.Priority" name="ankit" time="0.001"/>
  <testcase classname="TestNG.Priority" name="manual" time="0.002"/>
  <testcase classname="TestNG.Priority" name="mysql" time="0.006"/>
  <testcase classname="TestNG.Priority" name="Api" time="0.007"/>
</testsuite> <!-- TestNG.Priority -->
